<?xml version="1.0" encoding="UTF-8"?>
<testng-results skipped="0" failed="0" total="1" passed="1">
  <reporter-output>
  </reporter-output>
  <suite name="Default suite" duration-ms="1966" started-at="2020-03-24T13:31:26Z" finished-at="2020-03-24T13:31:28Z">
    <groups>
    </groups>
    <test name="Default test" duration-ms="1966" started-at="2020-03-24T13:31:26Z" finished-at="2020-03-24T13:31:28Z">
      <class name="com.qa.tests.PostAPITest">
        <test-method status="PASS" signature="setUp()[pri:0, instance:com.qa.tests.PostAPITest@2aafb23c]" name="setUp" is-config="true" duration-ms="8" started-at="2020-03-24T19:01:26Z" finished-at="2020-03-24T19:01:26Z">
          <reporter-output>
          </reporter-output>
        </test-method> <!-- setUp -->
        <test-method status="PASS" signature="postAPITest()[pri:0, instance:com.qa.tests.PostAPITest@2aafb23c]" name="postAPITest" duration-ms="1930" started-at="2020-03-24T19:01:26Z" finished-at="2020-03-24T19:01:28Z">
          <reporter-output>
          </reporter-output>
        </test-method> <!-- postAPITest -->
      </class> <!-- com.qa.tests.PostAPITest -->
    </test> <!-- Default test -->
  </suite> <!-- Default suite -->
</testng-results>
